BLOCK KaiminiInfo
 1  0.1.2       # version number
 2  12          # approx. wall clock time [s]
 3  4.360       # approx. process time [s]
 11     MinuitMinimize
 11     - calls     66
 11     - strategy  2
 11     - valid_minimum     true
BLOCK KaiminiParametersOut
 1  epsilon_1   1   3.58636511E-02   8.84892662E-04   :
 2  epsilon_2   1  -5.41147410E-02   5.07316527E-04   :
 3  epsilon_3   0   4.58368298E-02   4.58368298E-04   :
 4  v_L_1       0  -2.18692883E-03  -2.18692883E-05   :
 5  v_L_2       0   3.36339652E-03   3.36339652E-05   :
 6  v_L_3       0  -2.57818600E-03  -2.57818600E-05   :
BLOCK KaiminiParameterDifferences
 1  epsilon_1   3.66694639E-02  -8.05812822E-04  -2.20E+00%
 2  epsilon_2  -5.34544700E-02  -6.60270957E-04   1.24E+00%
 3  epsilon_3   4.58368298E-02   0.00000000E+00   0.00E+00%
 4  v_L_1      -2.18692883E-03   0.00000000E+00  -0.00E+00%
 5  v_L_2       3.36339652E-03   0.00000000E+00   0.00E+00%
 6  v_L_3      -2.57818600E-03   0.00000000E+00  -0.00E+00%
BLOCK KaiminiCovarianceMatrix
 1  1   7.83035023E-07
 1  2   3.99112793E-07
 2  2   2.57370059E-07
BLOCK KaiminiCorrelationMatrix
 1  1   1.00000000E+00
 1  2   8.89049708E-01
 2  2   1.00000000E+00
BLOCK KaiminiDataPointsOut
 1  m^2_atm     1   2.40028367E-03   2.40000000E-03   3.40000000E-04
 2  m^2_sol     1   7.58983646E-05   7.59000000E-05   6.20000000E-06
 3  tan^2_atm   0   2.04638925E-02   1.00000000E+00   7.34000000E-01
 4  tan^2_sol   0   3.27519966E-01   4.66000000E-01   1.22000000E-01
 5  U_e3^2      0   6.36089435E-03   1.30000000E-02   4.90000000E-02
BLOCK KaiminiChiSquare
 0  chi^2       1   7.65672577E-07
 1  m^2_atm     1   6.96095752E-07
 2  m^2_sol     1   6.95768252E-08
 3  tan^2_atm   0   1.78093791E+00
 4  tan^2_sol   0   1.28841170E+00
 5  U_e3^2      0   1.83580691E-02
BLOCK KaiminiChiSquareContrib
 1      4.91600077E+00      # epsilon_1
 2      4.67532844E+00      # epsilon_2
BLOCK KaiminiChiSquareContribSingle
 1  1   9.58331773E-01      # epsilon_1     m^2_atm
 1  2   3.95766900E+00      # epsilon_1     m^2_sol
 2  1   3.44853790E-01      # epsilon_2     m^2_atm
 2  2   4.33047465E+00      # epsilon_2     m^2_sol
# SUSY Les Houches Accord 2 - MSSM spectrum + Decays
# SPheno v3beta48
# W. Porod, Comput. Phys. Commun. 153 (2003) 275-315, hep-ph/0301101
# in case of problems send email to porod@physik.uni-wuerzburg.de
# Created: 24.05.2010,  08:24
Block SPINFO         # Program information
     1   SPheno      # spectrum calculator
     2   v3beta48    # version number
#
Block SPhenoINFO     # SPheno specific information
    1      2         # using 2-loop RGEs
    2      1         # using running masses for boundary conditions at mZ
Block MODSEL  # Model selection
    4    1    # MSSM with explicit R-parity violation
Block MINPAR  # Input parameters
    3    1.03757273E+01  # tanb at m_Z    
    4    1.00000000E+00  # Sign(mu)
Block SMINPUTS  # SM parameters
         1     1.27932314E+02  # alpha_em^-1(MZ)^MSbar
         2     1.16639000E-05  # G_mu [GeV^-2]
         3     1.19000000E-01  # alpha_s(MZ)^MSbar
         4     9.11876000E+01  # m_Z(pole)
         5     4.20000000E+00  # m_b(m_b), MSbar
         6     1.72800000E+02  # m_t(pole)
         7     1.77700000E+00  # m_tau(pole)
Block EXTPAR  # 
   0    1.00000000E+03  # scale Q where the parameters below are defined
   1    1.03534996E+02  # M_1
   2    1.93419008E+02  # M_2
   3    5.71235687E+02  # M_3
  11   -5.63172828E+02  # A_t
  12   -9.41912339E+02  # A_b
  13   -4.44711466E+02  # A_l
  23    3.95845289E+02  # mu 
  31    1.80830669E+02  # M_(L,11)
  32    1.80824423E+02  # M_(L,22)
  33    1.79067903E+02  # M_(L,33)
  34    1.15638976E+02  # M_(E,11)
  35    1.15619181E+02  # M_(E,22)
  36    1.09937786E+02  # M_(E,33)
  41    5.25232028E+02  # M_(Q,11)
  42    5.25229837E+02  # M_(Q,22)
  43    4.70845502E+02  # M_(Q,33)
  44    5.06695112E+02  # M_(U,11)
  45    5.06692961E+02  # M_(U,22)
  46    3.87058153E+02  # M_(U,33)
  47    5.04511153E+02  # M_(D,11)
  48    5.04508697E+02  # M_(D,22)
  49    5.00380618E+02  # M_(D,33)
Block gauge Q=  1.00000000E+03  # (SUSY scale)
   1    3.63684312E-01  # g'(Q)^DRbar
   2    6.47499906E-01  # g(Q)^DRbar
   3    1.08484742E+00  # g3(Q)^DRbar
Block Yu Q=  1.00000000E+03  # (SUSY scale)
  1  1     8.45222131E-06   # Y_u(Q)^DRbar
  2  2     3.38088916E-03   # Y_c(Q)^DRbar
  3  3     8.69340210E-01   # Y_t(Q)^DRbar
Block Yd Q=  1.00000000E+03  # (SUSY scale)
  1  1     1.85980244E-04   # Y_d(Q)^DRbar
  2  2     3.18823294E-03   # Y_s(Q)^DRbar
  3  3     1.35617195E-01   # Y_b(Q)^DRbar
Block Yl Q=  1.00000000E+03  # (SUSY scale)
  1  1     2.97957108E-05   # Y_e(Q)^DRbar
  2  2     6.16078514E-03   # Y_mu(Q)^DRbar
  3  3     1.03613248E-01   # Y_tau(Q)^DRbar
Block Au Q=  1.00000000E+03  # (SUSY scale)
  1  1    -7.95284631E+02   # A_u(Q)^DRbar
  2  2    -7.95280067E+02   # A_c(Q)^DRbar
  3  3    -5.63172828E+02   # A_t(Q)^DRbar
Block Ad Q=  1.00000000E+03  # (SUSY scale)
  1  1    -1.02351960E+03   # A_d(Q)^DRbar
  2  2    -1.02351526E+03   # A_s(Q)^DRbar
  3  3    -9.41912339E+02   # A_b(Q)^DRbar
Block Ae Q=  1.00000000E+03  # (SUSY scale)
  1  1    -4.48304307E+02   # A_e(Q)^DRbar
  2  2    -4.48291603E+02   # A_mu(Q)^DRbar
  3  3    -4.44711466E+02   # A_tau(Q)^DRbar
Block MSOFT Q=  1.00000000E+03  # soft SUSY breaking masses at Q
   1    1.03534996E+02  # M_1
   2    1.93419008E+02  # M_2
   3    5.71235687E+02  # M_3
  21    2.54527054E+04  # M^2_(H,d)
  22   -1.42928399E+05  # M^2_(H,u)
  31    1.80830669E+02  # M_(L,11)
  32    1.80824423E+02  # M_(L,22)
  33    1.79067903E+02  # M_(L,33)
  34    1.15638976E+02  # M_(E,11)
  35    1.15619181E+02  # M_(E,22)
  36    1.09937786E+02  # M_(E,33)
  41    5.25232028E+02  # M_(Q,11)
  42    5.25229837E+02  # M_(Q,22)
  43    4.70845502E+02  # M_(Q,33)
  44    5.06695112E+02  # M_(U,11)
  45    5.06692961E+02  # M_(U,22)
  46    3.87058153E+02  # M_(U,33)
  47    5.04511153E+02  # M_(D,11)
  48    5.04508697E+02  # M_(D,22)
  49    5.00380618E+02  # M_(D,33)
Block RVKAPPA Q=  1.00000000E+03  # bilinear RP parameters at Q
         1     3.58636511E-02  # epsilon_1
         2    -5.41147410E-02  # epsilon_2
         3     4.58368298E-02  # epsilon_3
Block RVD Q=  1.00000000E+03  # bilinear RP parameters at Q
         1     1.59965671E+00  # Re( B_1 epsilon_1)
         2    -2.42190083E+00  # Re( B_2 epsilon_2)
         3     2.00777085E+00  # Re( B_3 epsilon_3)
Block RVSNVEV Q=  1.00000000E+03  # sneutrino vevs at Q
         1    -2.18692883E-03  # v_L_1
         2     3.36339652E-03  # v_L_2
         3    -2.57818600E-03  # v_L_3
Block SPhenoRP  # additional RP parameters
         4    -3.09204901E-02  # Lambda_1 = v_d epsilon_1 + mu v_L1
         5     7.18059701E-02  # Lambda_2 = v_d epsilon_2 + mu v_L2
         6     4.63386444E-02  # Lambda_3 = v_d epsilon_3 + mu v_L3
         7     2.40028367E-03  # m^2_atm [eV^2]
         8     7.58983646E-05  # m^2_sol [eV^2]
         9     2.04638925E-02  # tan^2 theta_atm
        10     3.27519966E-01  # tan^2 theta_sol
        11     6.36089435E-03  # U_e3^2
        15     2.32760739E+01  # v_d
        16     2.41506195E+02  # v_u
Block MASS  # Mass spectrum
#   PDG code      mass          particle
         4     1.20000000E+00  # m_c(m_c), MSbar
         5     4.20000000E+00  # m_b(m_b), MSbar
         6     1.72800000E+02  # m_t(pole)
        23     9.11876000E+01  # m_Z(pole)
        24     8.03254932E+01  # W+
        25     1.11315055E+02  # leightest neutral scalar
   1000016     1.70260892E+02  # 2nd neutral scalar
   1000014     1.72313055E+02  # 3rd neutral scalar
   1000012     1.72320325E+02  # 4th neutral scalar
        35     4.24347815E+02  # 5th neutral scalar
   2000016     1.70260892E+02  # leightest pseudoscalar
   2000014     1.72313055E+02  # 2nd pseudoscalar
   2000012     1.72320325E+02  # 3rd pseudoscalar
        36     4.24205872E+02  # 4th pseudoscalar
   1000015     1.07812967E+02  # leightest charged scalar
   2000013     1.25200286E+02  # 2nd charged scalar
   2000011     1.25264180E+02  # 3rd charged scalar
   1000011     1.89664240E+02  # 4th charged scalar
   1000013     1.89686649E+02  # 5th charged scalar
   2000015     1.94754311E+02  # 6th charged scalar
        37     4.32098160E+02  # 7th charged scalar
   1000001     6.68402054E+02  # ~d_L
   2000001     6.49824229E+02  # ~d_R
   1000002     6.63990958E+02  # ~u_L
   2000002     6.50053804E+02  # ~u_R
   1000003     6.68402166E+02  # ~s_L
   2000003     6.49816017E+02  # ~s_R
   1000004     6.64007504E+02  # ~c_L
   2000004     6.50030668E+02  # ~c_R
   1000005     5.97336066E+02  # ~b_1
   2000005     6.45717060E+02  # ~b_2
   1000006     4.54836805E+02  # ~t_1
   2000006     6.75031687E+02  # ~t_2
   1000021     7.08005605E+02  # ~g
        12    -7.88917016E-15  # nu_1
        14    -8.71197032E-12  # nu_2
        16    -4.97612509E-11  # nu_3
   1000022     9.79715061E+01  # chi_10
   1000023     1.84067922E+02  # chi_20
   1000025    -4.00314869E+02  # chi_30
   1000035     4.13754312E+02  # chi_40
       -11     5.10999060E-04  # e+
       -13     1.05658000E-01  # mu+
       -15     1.77700000E+00  # tau+
   1000024     1.83844596E+02  # chi_1+
   1000037     4.15207884E+02  # chi_2+
# Higgs mixing
Block RVHMIX   1.00000000E+03  # neutral scalar Higgs mixing
   1  1     9.99752942E-02   # R_S0(1,1)
   1  2     9.94989919E-01   # R_S0(1,2)
   1  3    -1.53259172E-05   # R_S0(1,3)
   1  4     2.36563408E-05   # R_S0(1,4)
   1  5    -1.80964526E-05   # R_S0(1,5)
   2  1    -4.08547286E-05   # R_S0(2,1)
   2  2    -1.40824736E-05   # R_S0(2,2)
   2  3     1.36463599E-06   # R_S0(2,3)
   2  4    -2.06667976E-06   # R_S0(2,4)
   2  5    -9.99999999E-01   # R_S0(2,5)
   3  1     4.85471322E-05   # R_S0(3,1)
   3  2     1.88905952E-05   # R_S0(3,2)
   3  3    -4.50881198E-04   # R_S0(3,3)
   3  4    -9.99999897E-01   # R_S0(3,4)
   3  5     2.06381485E-06   # R_S0(3,5)
   4  1    -3.21685362E-05   # R_S0(4,1)
   4  2    -1.21815783E-05   # R_S0(4,2)
   4  3    -9.99999898E-01   # R_S0(4,3)
   4  4     4.50879404E-04   # R_S0(4,4)
   4  5    -1.36408189E-06   # R_S0(4,5)
   5  1    -9.94989917E-01   # R_S0(5,1)
   5  2     9.99752963E-02   # R_S0(5,2)
   5  3     3.07685279E-05   # R_S0(5,3)
   5  4    -4.64291110E-05   # R_S0(5,4)
   5  5     3.92422816E-05   # R_S0(5,5)
Block RVAMIX   1.00000000E+03  # pseudoscalar Higgs mixing
   1  1     9.59342546E-02   # R_P0(1,1)
   1  2    -9.95387672E-01   # R_P0(1,2)
   1  3    -9.01360728E-06   # R_P0(1,3)
   1  4     1.38625158E-05   # R_P0(1,4)
   1  5    -1.06262059E-05   # R_P0(1,5)
   2  1    -4.00712420E-05   # R_P0(2,1)
   2  2     6.81338590E-06   # R_P0(2,2)
   2  3     1.36171427E-06   # R_P0(2,3)
   2  4    -2.06212992E-06   # R_P0(2,4)
   2  5    -9.99999999E-01   # R_P0(2,5)
   3  1     4.75149161E-05   # R_P0(3,1)
   3  2    -9.34326804E-06   # R_P0(3,2)
   3  3    -4.49802136E-04   # R_P0(3,3)
   3  4    -9.99999898E-01   # R_P0(3,4)
   3  5     2.05954957E-06   # R_P0(3,5)
   4  1     3.15028820E-05   # R_P0(4,1)
   4  2    -6.02544201E-06   # R_P0(4,2)
   4  3     9.99999898E-01   # R_P0(4,3)
   4  4    -4.49800581E-04   # R_P0(4,4)
   4  5     1.36133826E-06   # R_P0(4,5)
   5  1    -9.95387670E-01   # R_P0(5,1)
   5  2    -9.59342557E-02   # R_P0(5,2)
   5  3     3.07586071E-05   # R_P0(5,3)
   5  4    -4.64131814E-05   # R_P0(5,4)
   5  5     3.92329207E-05   # R_P0(5,5)
Block RVLMIX   1.00000000E+03  # charged Higgs mixing
   1  1    -9.59342546E-02   # R_Spm(1,1)
   1  2     9.95387672E-01   # R_Spm(1,2)
   1  3     9.01360728E-06   # R_Spm(1,3)
   1  4    -1.38625158E-05   # R_Spm(1,4)
   1  5     1.06262059E-05   # R_Spm(1,5)
   1  6     2.68794047E-16   # R_Spm(1,6)
   1  7     1.43108863E-19   # R_Spm(1,7)
   1  8    -1.89024144E-20   # R_Spm(1,8)
   2  1    -1.32651569E-05   # R_Spm(2,1)
   2  2     1.91979185E-06   # R_Spm(2,2)
   2  3     1.21808208E-08   # R_Spm(2,3)
   2  4    -1.84167280E-08   # R_Spm(2,4)
   2  5    -2.99591450E-01   # R_Spm(2,5)
   2  6     6.02072548E-12   # R_Spm(2,6)
   2  7    -1.88484976E-09   # R_Spm(2,7)
   2  8    -9.54067588E-01   # R_Spm(2,8)
   3  1    -1.11856495E-06   # R_Spm(3,1)
   3  2     1.92108785E-07   # R_Spm(3,2)
   3  3     1.23534131E-09   # R_Spm(3,3)
   3  4     2.15351552E-02   # R_Spm(3,4)
   3  5     6.68948920E-10   # R_Spm(3,5)
   3  6     1.60353990E-10   # R_Spm(3,6)
   3  7     9.99768092E-01   # R_Spm(3,7)
   3  8    -2.58495771E-09   # R_Spm(3,8)
   4  1     3.58537622E-09   # R_Spm(4,1)
   4  2    -5.98370437E-10   # R_Spm(4,2)
   4  3     1.04239110E-04   # R_Spm(4,3)
   4  4     2.52434617E-12   # R_Spm(4,4)
   4  5    -2.15733748E-12   # R_Spm(4,5)
   4  6     9.99999995E-01   # R_Spm(4,6)
   4  7    -1.60570237E-10   # R_Spm(4,7)
   4  8     8.26781481E-12   # R_Spm(4,8)
   5  1    -3.14881770E-05   # R_Spm(5,1)
   5  2     6.01804282E-06   # R_Spm(5,2)
   5  3    -9.99999978E-01   # R_Spm(5,3)
   5  4    -1.81798049E-04   # R_Spm(5,4)
   5  5     6.09620679E-07   # R_Spm(5,5)
   5  6     1.04239109E-04   # R_Spm(5,6)
   5  7     3.91715658E-06   # R_Spm(5,7)
   5  8    -2.03743819E-07   # R_Spm(5,8)
   6  1    -4.75454184E-05   # R_Spm(6,1)
   6  2     9.34278761E-06   # R_Spm(6,2)
   6  3    -1.81838690E-04   # R_Spm(6,3)
   6  4     9.99768074E-01   # R_Spm(6,4)
   6  5     9.24110346E-07   # R_Spm(6,5)
   6  6     1.89488978E-08   # R_Spm(6,6)
   6  7    -2.15351549E-02   # R_Spm(6,7)
   6  8    -3.08763247E-07   # R_Spm(6,8)
   7  1     3.78285781E-05   # R_Spm(7,1)
   7  2    -6.53924260E-06   # R_Spm(7,2)
   7  3     6.41605522E-07   # R_Spm(7,3)
   7  4    -9.71994260E-07   # R_Spm(7,4)
   7  5     9.54067587E-01   # R_Spm(7,5)
   7  6    -6.24847137E-11   # R_Spm(7,6)
   7  7     1.95675006E-08   # R_Spm(7,7)
   7  8    -2.99591451E-01   # R_Spm(7,8)
   8  1    -9.95387670E-01   # R_Spm(8,1)
   8  2    -9.59342557E-02   # R_Spm(8,2)
   8  3     3.07740728E-05   # R_Spm(8,3)
   8  4    -4.64370849E-05   # R_Spm(8,4)
   8  5     3.92265935E-05   # R_Spm(8,5)
   8  6     3.03573469E-10   # R_Spm(8,6)
   8  7    -9.49681947E-08   # R_Spm(8,7)
   8  8     1.32888805E-06   # R_Spm(8,8)
Block stopmix # stop mixing matrix
   1  1     5.46530399E-01   # Re[R_st(1,1)]
   1  2     8.37439265E-01   # Re[R_st(1,2)]
   2  1    -8.37439265E-01   # Re[R_st(2,1)]
   2  2     5.46530399E-01   # Re[R_st(2,2)]
Block sbotmix # sbottom mixing matrix
   1  1     9.69759794E-01   # Re[R_sb(1,1)]
   1  2     2.44061347E-01   # Re[R_sb(1,2)]
   2  1    -2.44061347E-01   # Re[R_sb(2,1)]
   2  2     9.69759794E-01   # Re[R_sb(2,2)]
Block RVNmix # /neutrino/neutralino mixing matrix
   1  1    -8.95835207E-10   # Re[N(1,1)]
   1  2     1.91735841E-11   # Re[N(1,2)]
   1  3     3.70957545E-06   # Re[N(1,3)]
   1  4    -1.50385200E-11   # Re[N(1,4)]
   1  5    -8.65154766E-01   # Re[N(1,5)]
   1  6    -4.81896816E-01   # Re[N(1,6)]
   1  7     1.38862123E-01   # Re[N(1,7)]
   2  1    -4.31567480E-08   # Re[N(2,1)]
   2  2    -1.85747376E-08   # Re[N(2,2)]
   2  3     1.79375548E-04   # Re[N(2,3)]
   2  4    -5.22255866E-09   # Re[N(2,4)]
   2  5     4.95122537E-01   # Re[N(2,5)]
   2  6    -8.64782908E-01   # Re[N(2,6)]
   2  7     8.36908769E-02   # Re[N(2,7)]
   3  1    -4.35516326E-07   # Re[N(3,1)]
   3  2     4.28089924E-07   # Re[N(3,2)]
   3  3    -1.06223209E-04   # Re[N(3,3)]
   3  4     1.52874138E-08   # Re[N(3,4)]
   3  5    -7.97552152E-02   # Re[N(3,5)]
   3  6    -1.41159346E-01   # Re[N(3,6)]
   3  7    -9.86769038E-01   # Re[N(3,7)]
   4  1     9.90236530E-01   # Re[N(4,1)]
   4  2    -3.35186854E-02   # Re[N(4,2)]
   4  3     1.28611642E-01   # Re[N(4,3)]
   4  4    -4.20375693E-02   # Re[N(4,4)]
   4  5    -1.21148054E-05   # Re[N(4,5)]
   4  6     1.81521625E-05   # Re[N(4,6)]
   4  7    -1.59144897E-05   # Re[N(4,7)]
   5  1     7.10464284E-02   # Re[N(5,1)]
   5  2     9.55022009E-01   # Re[N(5,2)]
   5  3    -2.53537867E-01   # Re[N(5,3)]
   5  4     1.36396170E-01   # Re[N(5,4)]
   5  5     2.38925891E-05   # Re[N(5,5)]
   5  6    -3.59456040E-05   # Re[N(5,6)]
   5  7     3.08887719E-05   # Re[N(5,7)]
   6  1    -5.72185052E-02   # Re[N(6,1)]
   6  2     8.74274543E-02   # Re[N(6,2)]
   6  3     6.95646826E-01   # Re[N(6,3)]
   6  4     7.10744649E-01   # Re[N(6,4)]
   6  5    -6.54359436E-05   # Re[N(6,5)]
   6  6     9.87300027E-05   # Re[N(6,6)]
   6  7    -8.36451367E-05   # Re[N(6,7)]
   7  1    -1.05404281E-01   # Re[N(7,1)]
   7  2     2.81364356E-01   # Re[N(7,2)]
   7  3     6.59737103E-01   # Re[N(7,3)]
   7  4    -6.88818533E-01   # Re[N(7,4)]
   7  5    -6.20539404E-05   # Re[N(7,5)]
   7  6     9.36506034E-05   # Re[N(7,6)]
   7  7    -7.92425556E-05   # Re[N(7,7)]
Block RVUmix # lepton/chargino mixing matrix
   1  1    -1.03223740E-08   # Re[U(1,1)]
   1  2     9.41378207E-05   # Re[U(1,2)]
   1  3     9.99999996E-01   # Re[U(1,3)]
   1  4     1.35960063E-08   # Re[U(1,4)]
   1  5    -1.04272238E-08   # Re[U(1,5)]
   2  1     1.42022992E-07   # Re[U(2,1)]
   2  2     1.41999705E-04   # Re[U(2,2)]
   2  3     2.28465053E-10   # Re[U(2,3)]
   2  4    -9.99999990E-01   # Re[U(2,4)]
   2  5    -1.57855397E-08   # Re[U(2,5)]
   3  1    -5.51535951E-07   # Re[U(3,1)]
   3  2     1.20470365E-04   # Re[U(3,2)]
   3  3    -9.13599537E-10   # Re[U(3,3)]
   3  4     1.32113842E-09   # Re[U(3,4)]
   3  5     9.99999993E-01   # Re[U(3,5)]
   4  1    -9.36050758E-01   # Re[U(4,1)]
   4  2     3.51864994E-01   # Re[U(4,2)]
   4  3    -3.31334673E-05   # Re[U(4,3)]
   4  4     4.98317859E-05   # Re[U(4,4)]
   4  5    -4.29055702E-05   # Re[U(4,5)]
   5  1    -3.51865002E-01   # Re[U(5,1)]
   5  2    -9.36050737E-01   # Re[U(5,2)]
   5  3     8.81141478E-05   # Re[U(5,3)]
   5  4    -1.32968905E-04   # Re[U(5,4)]
   5  5     1.12572308E-04   # Re[U(5,5)]
Block RVVmix # lepton/chargino mixing matrix
   1  1    -1.74726489E-13   # Re[V(1,1)]
   1  2     2.48532084E-13   # Re[V(1,2)]
   1  3     1.00000000E+00   # Re[V(1,3)]
   1  4     6.56631808E-11   # Re[V(1,4)]
   1  5    -2.99218414E-12   # Re[V(1,5)]
   2  1     4.97945569E-10   # Re[V(2,1)]
   2  2    -7.07175867E-10   # Re[V(2,2)]
   2  3     6.56631825E-11   # Re[V(2,3)]
   2  4    -1.00000000E+00   # Re[V(2,4)]
   2  5    -9.56490221E-10   # Re[V(2,5)]
   3  1    -3.25070244E-08   # Re[V(3,1)]
   3  2     4.61618238E-08   # Re[V(3,2)]
   3  3     2.99218418E-12   # Re[V(3,3)]
   3  4    -9.56490270E-10   # Re[V(3,4)]
   3  5     1.00000000E+00   # Re[V(3,5)]
   4  1    -9.82505311E-01   # Re[V(4,1)]
   4  2     1.86234567E-01   # Re[V(4,2)]
   4  3    -2.17757276E-13   # Re[V(4,3)]
   4  4    -6.20934745E-10   # Re[V(4,4)]
   4  5    -4.05352513E-08   # Re[V(4,5)]
   5  1    -1.86234567E-01   # Re[V(5,1)]
   5  2    -9.82505311E-01   # Re[V(5,2)]
   5  3     2.11681587E-13   # Re[V(5,3)]
   5  4     6.02069466E-10   # Re[V(5,4)]
   5  5     3.93003054E-08   # Re[V(5,5)]
Block SPhenoLowEnergy  # low energy observables
    1    3.15683747E-04   # BR(b -> s gamma)
    2    1.89382126E-06   # BR(b -> s mu+ mu-)
    3    4.73037198E-05   # BR(b -> s nu nu)
    4    4.19480686E-09   # BR(Bs -> mu+ mu-)
    5    9.85813811E-01   # BR(B_u -> tau nu)
    6    2.41179396E-01   # |Delta(M_Bd)| [ps^-1] 
    7    1.65816189E+01   # |Delta(M_Bs)| [ps^-1] 
   10    5.17190040E-14   # Delta(g-2)_electron
   11    2.59734594E-09   # Delta(g-2)_muon
   12    5.40221832E-07   # Delta(g-2)_tau
   13    0.00000000E+00   # electric dipole moment of the electron
   14    0.00000000E+00   # electric dipole moment of the muon
   15    0.00000000E+00   # electric dipole moment of the tau
   16    0.00000000E+00   # Br(mu -> e gamma)
   17    0.00000000E+00   # Br(tau -> e gamma)
   18    0.00000000E+00   # Br(tau -> mu gamma)
   19    0.00000000E+00   # Br(mu -> 3 e)
   20    0.00000000E+00   # Br(tau -> 3 e)
   21    0.00000000E+00   # Br(tau -> 3 mu)
   30    3.25243202E-04   # Delta(rho_parameter)
   40    0.00000000E+00   # BR(Z -> e mu)
   41    0.00000000E+00   # BR(Z -> e tau)
   42    0.00000000E+00   # BR(Z -> mu tau)
