BLOCK KaiminiInfo
 1  0.1.2       # version number
 2  3           # approx. wall clock time [s]
 3  1.250       # approx. process time [s]
 13     MinuitSimplex
 13     - calls     336
 13     - strategy  2
 13     - valid_minimum     true
 11     MinuitMinimize
 11     - calls     223
 11     - strategy  2
 11     - valid_minimum     true
BLOCK KaiminiParametersOut
 1  p1          1   2.79262681E+01   1.09439365E-01   :
 2  p2          1  -4.30594486E+01   1.63257562E-01   :
 3  p3          1   2.12192943E+01   8.01919014E-02   :
 4  p4          1  -3.08615242E+00   1.20978655E-02   :
 5  p5          1   4.59342637E-06   2.21987233E-08   :
BLOCK KaiminiParameterDifferences
 1  p1          3.00000000E-02   2.78962681E+01   9.30E+04%
 2  p2          4.70000000E+00  -4.77594486E+01  -1.02E+03%
 3  p3         -9.00000000E-01   2.21192943E+01  -2.46E+03%
 4  p4         -9.00000000E-01  -2.18615242E+00   2.43E+02%
 5  p5          6.90000000E+00  -6.89999541E+00  -1.00E+02%
BLOCK KaiminiCovarianceMatrix
 1  1   1.19769745E-02
 1  2  -1.64875835E-02
 1  3   6.91656528E-03
 1  4  -9.00022820E-04
 1  5   1.03394398E-09
 2  2   2.66530315E-02
 2  3  -1.25624581E-02
 2  4   1.76917339E-03
 2  5  -2.45303870E-09
 3  3   6.43074106E-03
 3  4  -9.54430151E-04
 3  5   1.48317564E-09
 4  4   1.46358350E-04
 4  5  -2.44668000E-10
 5  5   4.92783316E-16
BLOCK KaiminiCorrelationMatrix
 1  1   1.00000000E+00
 1  2  -9.22805421E-01
 1  3   7.88109216E-01
 1  4  -6.79784419E-01
 1  5   4.25593952E-01
 2  2   1.00000000E+00
 2  3  -9.59557068E-01
 2  4   8.95753143E-01
 2  5  -6.76866619E-01
 3  3   1.00000000E+00
 3  4  -9.83795626E-01
 3  5   8.33170864E-01
 4  4   1.00000000E+00
 4  5  -9.11046244E-01
 5  5   1.00000000E+00
BLOCK KaiminiDataPointsOut
 1  y1          1   2.99996597E+00   3.00000000E+00   3.00000000E-02
 2  y2          1   4.00006482E+00   4.00000000E+00   4.00000000E-02
 3  y3          1   2.00000787E+01   2.00000000E+01   2.00000000E-01
 4  y4          1   9.99993708E+00   1.00000000E+01   1.00000000E-01
 5  y5          1   1.10000475E+01   1.10000000E+01   1.10000000E-01
BLOCK KaiminiChiSquare
 0  chi^2       1   4.64993419E-06
 1  y1          1   1.28671211E-06
 2  y2          1   2.62602025E-06
 3  y3          1   1.54842250E-07
 4  y4          1   3.95892640E-07
 5  y5          1   1.86466942E-07
BLOCK Parameters
 1  2.79262681e+01
 2  -4.30594486e+01
 3  2.12192943e+01
 4  -3.08615242e+00
 11 4.59342637e-06
BLOCK Values
 0   0.00000000e+00
 1   2.99996597e+00
 2   4.00006482e+00
 3   2.00000787e+01
 4   9.99993708e+00
 5   1.10000475e+01
 6   8.67613055e+02
 7   7.03664168e+03
 8   3.51482359e+04
 9   1.36130727e+05
